<?xml version="1.0" encoding="UTF-8"?>
<!-- Generated by org.testng.reporters.JUnitReportReporter -->
<testsuite hostname="HATI-SDG00096" failures="0" tests="2" name="ADTTest.ADTAdmissionFormTest_Convert_Chrges_OP_TO_IP" time="272.555" errors="0" timestamp="2023-12-05T19:00:36 IST" skipped="0">
  <testcase classname="ADTTest.ADTAdmissionFormTest_Convert_Chrges_OP_TO_IP" name="TC_01_verify_That_User_Is_Able_To_Login_ADT_Admission_Form_MedcareApplication" time="9.970"/>
  <system-out/>
  <testcase classname="ADTTest.ADTAdmissionFormTest_Convert_Chrges_OP_TO_IP" name="TC_02_Verify_User_Can_Fill_ADT_Admission_Form_Convert_Charges_For_OP_To_IP" time="262.585"/>
  <system-out/>
</testsuite> <!-- ADTTest.ADTAdmissionFormTest_Convert_Chrges_OP_TO_IP -->
