<?xml version="1.0" encoding="UTF-8"?>
<!-- Generated by org.testng.reporters.JUnitReportReporter -->
<testsuite hostname="HATI-SDG00096" failures="0" tests="4" name="OPDTest.Reschedule_Existing_Appointment_against_Department" time="350.737" errors="0" timestamp="2023-12-06T11:21:29 IST" skipped="0">
  <testcase classname="OPDTest.Reschedule_Existing_Appointment_against_Department" name="TC_01_verify_That_User_Is_Able_To_Login_MedcareApplication" time="10.025"/>
  <system-out/>
  <testcase classname="OPDTest.Reschedule_Existing_Appointment_against_Department" name="TC_02_Verify_That_User_Is_Able_To_Do_Quick_Registration" time="114.338"/>
  <system-out/>
  <testcase classname="OPDTest.Reschedule_Existing_Appointment_against_Department" name="TC_03_Verify_that_user_is_able_to_book_the_Existing_appointment_against_department" time="92.154"/>
  <system-out/>
  <testcase classname="OPDTest.Reschedule_Existing_Appointment_against_Department" name="TC_04_Verify_That_User_Is_Able_Reshcedule_the_appointment_against_department" time="134.220"/>
  <system-out/>
</testsuite> <!-- OPDTest.Reschedule_Existing_Appointment_against_Department -->
