<?xml version="1.0" encoding="UTF-8"?>
<!-- Generated by org.testng.reporters.JUnitReportReporter -->
<testsuite hostname="HATI-SDG00096" failures="0" tests="2" name="BillingTest.New_Registration_Encounter_creation_OP_Bill_Search_patient_Add_charges_Final_Bill_Partial_Settlement" time="214.739" errors="0" timestamp="2023-12-08T12:25:37 IST" skipped="0">
  <testcase classname="BillingTest.New_Registration_Encounter_creation_OP_Bill_Search_patient_Add_charges_Final_Bill_Partial_Settlement" name="TC_02_New_Registration_Encounter_creation_OP_Bill_Search_patient_Add_charges_Final_Bill_Partial_Settlement" time="204.421"/>
  <system-out/>
  <testcase classname="BillingTest.New_Registration_Encounter_creation_OP_Bill_Search_patient_Add_charges_Final_Bill_Partial_Settlement" name="TC_01_Verify_Login" time="10.318"/>
  <system-out/>
</testsuite> <!-- BillingTest.New_Registration_Encounter_creation_OP_Bill_Search_patient_Add_charges_Final_Bill_Partial_Settlement -->
