<?xml version="1.0" encoding="UTF-8"?>
<!-- Generated by org.testng.reporters.JUnitReportReporter -->
<testsuite hostname="HATI-SDG00096" failures="0" tests="2" name="ADTTest.BedBlockingWith_Extended_BlockedDate" time="82.167" errors="0" timestamp="2023-12-05T19:00:36 IST" skipped="0">
  <testcase classname="ADTTest.BedBlockingWith_Extended_BlockedDate" name="TC_01_verify_That_User_Is_Able_To_Login_ADT_Form_Bed_Blocking" time="9.974"/>
  <system-out/>
  <testcase classname="ADTTest.BedBlockingWith_Extended_BlockedDate" name="Tc_02_Verify_User_Can_Able_TO_Do_Bed_Blocking" time="72.193"/>
  <system-out/>
</testsuite> <!-- ADTTest.BedBlockingWith_Extended_BlockedDate -->
