<?xml version="1.0" encoding="UTF-8"?>
<!-- Generated by org.testng.reporters.JUnitReportReporter -->
<testsuite hostname="HATI-SDG00096" failures="0" tests="2" name="ADTTest.BedViewsTest_By_Ward" time="47.217" errors="0" timestamp="2023-12-05T19:00:36 IST" skipped="0">
  <testcase classname="ADTTest.BedViewsTest_By_Ward" name="TC_01_verify_That_User_Is_Able_To_Login_Medcare" time="9.992"/>
  <system-out/>
  <testcase classname="ADTTest.BedViewsTest_By_Ward" name="TC_02_verify_User_Can_see_Bed_Details" time="37.225"/>
  <system-out/>
</testsuite> <!-- ADTTest.BedViewsTest_By_Ward -->
