<?xml version="1.0" encoding="UTF-8"?>
<!-- Generated by org.testng.reporters.JUnitReportReporter -->
<testsuite hostname="HATI-SDG00096" failures="0" tests="2" name="ADTTest.ADTAdmissionFormList_Advanced_Search_ByName22" time="44.437" errors="0" timestamp="2023-12-05T19:00:36 IST" skipped="0">
  <testcase classname="ADTTest.ADTAdmissionFormList_Advanced_Search_ByName22" name="TC_01_verify_That_User_Is_Able_To_Login_ADT_Admission_Form_MedcareApplication" time="10.035"/>
  <system-out/>
  <testcase classname="ADTTest.ADTAdmissionFormList_Advanced_Search_ByName22" name="TC_02_Verify_That_User_Is_Able_To_Search_Admission_Record_Through_Advanced_Search_By_Name" time="34.402"/>
  <system-out/>
</testsuite> <!-- ADTTest.ADTAdmissionFormList_Advanced_Search_ByName22 -->
