<?xml version="1.0" encoding="UTF-8"?>
<!-- Generated by org.testng.reporters.JUnitReportReporter -->
<testsuite hostname="HATI-SDG00096" failures="0" tests="3" name="OPDTest.OPD_Reg_With_Primary_id_NEW_IC" time="344.734" errors="0" timestamp="2023-12-02T18:05:51 IST" skipped="0">
  <testcase classname="OPDTest.OPD_Reg_With_Primary_id_NEW_IC" name="TC_01_verify_That_User_Is_Able_To_Login_MedcareApplication" time="10.057"/>
  <system-out/>
  <testcase classname="OPDTest.OPD_Reg_With_Primary_id_NEW_IC" name="TC_02_User_Can_Select_Primary_ID_AS_NEW_IC" time="245.749"/>
  <system-out/>
  <testcase classname="OPDTest.OPD_Reg_With_Primary_id_NEW_IC" name="TC_03_Verify_That_User_Is_Able_TO_Fill_Encounter_Details" time="88.928"/>
  <system-out/>
</testsuite> <!-- OPDTest.OPD_Reg_With_Primary_id_NEW_IC -->
