<?xml version="1.0" encoding="UTF-8"?>
<!-- Generated by org.testng.reporters.JUnitReportReporter -->
<testsuite hostname="HATI-SDG00096" failures="0" tests="2" name="ADTTest.BedViewsTest_By_Bed_Category" time="57.837" errors="0" timestamp="2023-12-05T19:00:36 IST" skipped="0">
  <testcase classname="ADTTest.BedViewsTest_By_Bed_Category" name="TC_01_verify_That_User_Is_Able_To_Login_Medcare" time="10.013"/>
  <system-out/>
  <testcase classname="ADTTest.BedViewsTest_By_Bed_Category" name="TC_02_verify_That_User_Can_see_Bed_Details_By_Selecting_Status" time="47.824"/>
  <system-out/>
</testsuite> <!-- ADTTest.BedViewsTest_By_Bed_Category -->
