<?xml version="1.0" encoding="UTF-8"?>
<!-- Generated by org.testng.reporters.JUnitReportReporter -->
<testsuite hostname="HATI-SDG00096" failures="0" tests="4" name="OPDTest.Book_Existing_Appointmet_against_Departmet" time="252.471" errors="0" timestamp="2023-12-04T21:17:14 IST" skipped="0">
  <testcase classname="OPDTest.Book_Existing_Appointmet_against_Departmet" name="TC_01_Verify_that_user_is_able_to_login_the_application" time="6.558"/>
  <system-out/>
  <testcase classname="OPDTest.Book_Existing_Appointmet_against_Departmet" name="TC_02_Verify_That_User_Is_Able_To_Do_Quick_Registration_to_book_the_existing_appointmet" time="117.062"/>
  <system-out/>
  <testcase classname="OPDTest.Book_Existing_Appointmet_against_Departmet" name="TC_03_Verify_that_user_is_able_to_book_the_Existing_Appointmet_for_Department_Apointment_Type_Journey" time="98.431"/>
  <system-out/>
  <testcase classname="OPDTest.Book_Existing_Appointmet_against_Departmet" name="TC_04_Verify_that_for_Department_Apointment_Type_Journey_Existing_appointmet_is_booked_successfully" time="30.420"/>
  <system-out/>
</testsuite> <!-- OPDTest.Book_Existing_Appointmet_against_Departmet -->
