<?xml version="1.0" encoding="UTF-8"?>
<!-- Generated by org.testng.reporters.JUnitReportReporter -->
<testsuite hostname="HATI-SDG00096" failures="0" tests="2" name="OPDTest.Quick_Registration_Existing_Patient_with_PoliceTest" time="166.805" errors="0" timestamp="2023-12-02T18:05:51 IST" skipped="0">
  <testcase classname="OPDTest.Quick_Registration_Existing_Patient_with_PoliceTest" name="TC_02_Verify_That_User_Is_Able_To_Do_Quick_Registration_Police" time="155.904"/>
  <system-out/>
  <testcase classname="OPDTest.Quick_Registration_Existing_Patient_with_PoliceTest" name="TC_01_verify_That_User_Is_Able_To_Login_MedcareApplication" time="10.901"/>
  <system-out/>
</testsuite> <!-- OPDTest.Quick_Registration_Existing_Patient_with_PoliceTest -->
