<?xml version="1.0" encoding="UTF-8"?>
<!-- Generated by org.testng.reporters.JUnitReportReporter -->
<testsuite hostname="HATI-SDG00096" failures="0" tests="2" name="ADTTest.ExistingAdmissionRequest_Advanced_Search_By_MRN" time="40.954" errors="0" timestamp="2023-12-05T21:50:06 IST" skipped="0">
  <testcase classname="ADTTest.ExistingAdmissionRequest_Advanced_Search_By_MRN" name="TC_01_verify_That_User_Is_Able_To_Login_ADT_Admission_Form_MedcareApplication" time="10.513"/>
  <system-out/>
  <testcase classname="ADTTest.ExistingAdmissionRequest_Advanced_Search_By_MRN" name="TC_02_Verify_That_User_Is_Able_To_Search_Existing_Admission_Record_Through_Advanced_Search_By_MRN" time="30.441"/>
  <system-out/>
</testsuite> <!-- ADTTest.ExistingAdmissionRequest_Advanced_Search_By_MRN -->
