<?xml version="1.0" encoding="UTF-8"?>
<!-- Generated by org.testng.reporters.JUnitReportReporter -->
<testsuite hostname="HATI-SDG00096" failures="0" tests="2" name="OPDTest.Advanced_Search_Quick_Registration_By_MRN" time="139.492" errors="0" timestamp="2023-12-02T18:05:51 IST" skipped="0">
  <testcase classname="OPDTest.Advanced_Search_Quick_Registration_By_MRN" name="TC_01_verify_That_User_Is_Able_To_Login_MedcareApplication" time="10.114"/>
  <system-out/>
  <testcase classname="OPDTest.Advanced_Search_Quick_Registration_By_MRN" name="TC_02_Verify_That_User_Is_Able_To_Add_New_Encounter_For_Quick_REG_to_Already_Registred_Patient_By_Searh_Patient_MRN" time="129.378"/>
  <system-out/>
</testsuite> <!-- OPDTest.Advanced_Search_Quick_Registration_By_MRN -->
