<?xml version="1.0" encoding="UTF-8"?>
<!-- Generated by org.testng.reporters.JUnitReportReporter -->
<testsuite hostname="HATI-SDG00096" failures="0" tests="2" name="ADTTest.CancelAdmissionTest" time="43.248" errors="0" timestamp="2023-12-06T10:37:59 IST" skipped="0">
  <testcase classname="ADTTest.CancelAdmissionTest" name="TC_01_verify_That_User_Is_Able_To_Login_ADT_Dashboard_Screen" time="10.237"/>
  <system-out/>
  <testcase classname="ADTTest.CancelAdmissionTest" name="TC_02_Verfiy_That_User_Is_Able_To_Cancel_Admission" time="33.011"/>
  <system-out/>
</testsuite> <!-- ADTTest.CancelAdmissionTest -->
