<?xml version="1.0" encoding="UTF-8"?>
<!-- Generated by org.testng.reporters.JUnitReportReporter -->
<testsuite hostname="HATI-SDG00096" failures="0" tests="2" name="ADTTest.BedViewsTest_By_Status" time="47.575" errors="0" timestamp="2023-12-05T19:00:35 IST" skipped="0">
  <testcase classname="ADTTest.BedViewsTest_By_Status" name="TC_01_verify_That_User_Is_Able_To_Login_Medcare" time="9.981"/>
  <system-out/>
  <testcase classname="ADTTest.BedViewsTest_By_Status" name="TC_02_verify_That_User_Can_see_Bed_Details_By_Selecting_Status" time="37.594"/>
  <system-out/>
</testsuite> <!-- ADTTest.BedViewsTest_By_Status -->
