<?xml version="1.0" encoding="UTF-8"?>
<!-- Generated by org.testng.reporters.JUnitReportReporter -->
<testsuite hostname="HATI-SDG00096" failures="0" tests="2" name="OPDTest.Hold_Apointment" time="108.625" errors="0" timestamp="2023-12-03T12:33:36 IST" skipped="0">
  <testcase classname="OPDTest.Hold_Apointment" name="TC_01_Verify_that_user_is_able_to_login_the_application" time="6.497"/>
  <system-out/>
  <testcase classname="OPDTest.Hold_Apointment" name="TC_01_Verify_that_user_is_able_to_Hold_the_appointment" time="102.128"/>
  <system-out/>
</testsuite> <!-- OPDTest.Hold_Apointment -->
