<?xml version="1.0" encoding="UTF-8"?>
<!-- Generated by org.testng.reporters.JUnitReportReporter -->
<testsuite hostname="HATI-SDG00096" failures="0" tests="3" name="OPDTest.OPD_ExistingRegWithNRICTest" time="297.970" errors="0" timestamp="2023-12-02T18:05:51 IST" skipped="0">
  <testcase classname="OPDTest.OPD_ExistingRegWithNRICTest" name="TC_01_verify_That_User_Is_Able_To_Login_MedcareApplication" time="10.136"/>
  <system-out/>
  <testcase classname="OPDTest.OPD_ExistingRegWithNRICTest" name="TC_02_Verify_That_User_Is_Able_Fill_The_Basic_Information_To_Registration_Page_NewIC" time="199.313"/>
  <system-out/>
  <testcase classname="OPDTest.OPD_ExistingRegWithNRICTest" name="TC_03_Verify_That_User_Is_Able_TO_Fill_Encounter_Details_For_Second_Encounter" time="88.521"/>
  <system-out/>
</testsuite> <!-- OPDTest.OPD_ExistingRegWithNRICTest -->
