<?xml version="1.0" encoding="UTF-8"?>
<!-- Generated by org.testng.reporters.JUnitReportReporter -->
<testsuite hostname="HATI-SDG00096" failures="0" tests="2" name="ADTTest.NewAdmissionWithVIPPatient_OldIC_Test" time="412.526" errors="0" timestamp="2023-12-05T19:00:36 IST" skipped="0">
  <testcase classname="ADTTest.NewAdmissionWithVIPPatient_OldIC_Test" name="TC_01_Verify_Login" time="10.059"/>
  <system-out/>
  <testcase classname="ADTTest.NewAdmissionWithVIPPatient_OldIC_Test" name="TC_02_User_Able_To_Do_Admission_With_VIP_OldIC" time="402.467"/>
  <system-out/>
</testsuite> <!-- ADTTest.NewAdmissionWithVIPPatient_OldIC_Test -->
