<?xml version="1.0" encoding="UTF-8"?>
<!-- Generated by org.testng.reporters.JUnitReportReporter -->
<testsuite hostname="HATI-SDG00096" failures="0" tests="2" name="ADTTest.ADTAdmissionListDashboard_Advanced_Search_By_Name" time="42.951" errors="0" timestamp="2023-12-05T19:00:36 IST" skipped="0">
  <testcase classname="ADTTest.ADTAdmissionListDashboard_Advanced_Search_By_Name" name="TC_01_verify_That_User_Is_Able_To_Login_ADT_Admission_Form_MedcareApplication" time="10.169"/>
  <system-out/>
  <testcase classname="ADTTest.ADTAdmissionListDashboard_Advanced_Search_By_Name" name="TC_02_Verify_That_User_Is_Able_To_Search_Admission_Record_Through_Advanced_Search_By_Name" time="32.782"/>
  <system-out/>
</testsuite> <!-- ADTTest.ADTAdmissionListDashboard_Advanced_Search_By_Name -->
