<?xml version="1.0" encoding="UTF-8"?>
<!-- Generated by org.testng.reporters.JUnitReportReporter -->
<testsuite hostname="HATI-SDG00096" failures="0" tests="3" name="OPDTest.OPD_Reg_With_OLD_IC" time="368.526" errors="0" timestamp="2023-12-02T19:33:10 IST" skipped="0">
  <testcase classname="OPDTest.OPD_Reg_With_OLD_IC" name="TC_01_verify_That_User_Is_Able_To_Login_MedcareApplication" time="10.068"/>
  <system-out/>
  <testcase classname="OPDTest.OPD_Reg_With_OLD_IC" name="TC_03_Verify_That_User_Is_Able_TO_Fill_Encounter_Details" time="106.107"/>
  <system-out/>
  <testcase classname="OPDTest.OPD_Reg_With_OLD_IC" name="TC_02_User_Can_Select_Primary_ID_AS_OLD_IC" time="252.351"/>
  <system-out/>
</testsuite> <!-- OPDTest.OPD_Reg_With_OLD_IC -->
