<?xml version="1.0" encoding="UTF-8"?>
<!-- Generated by org.testng.reporters.JUnitReportReporter -->
<testsuite hostname="HATI-SDG00096" failures="0" tests="3" name="OPDTest.UpdateSponsor" time="243.403" errors="0" timestamp="2023-12-02T19:33:10 IST" skipped="0">
  <testcase classname="OPDTest.UpdateSponsor" name="TC_01_Verify_Login" time="10.546"/>
  <system-out/>
  <testcase classname="OPDTest.UpdateSponsor" name="TC_02_Verify_That_User_Is_Able_To_Do_Quick_Registration" time="125.023"/>
  <system-out/>
  <testcase classname="OPDTest.UpdateSponsor" name="TC_03_Verify_Update_sponsor" time="107.834"/>
  <system-out/>
</testsuite> <!-- OPDTest.UpdateSponsor -->
