<?xml version="1.0" encoding="UTF-8"?>
<!-- Generated by org.testng.reporters.JUnitReportReporter -->
<testsuite hostname="HATI-SDG00096" failures="0" tests="2" name="ADTTest.New_Admitted_Patient_Clinical_Discharge_Cancel_Test" time="530.984" errors="0" timestamp="2023-12-05T21:50:06 IST" skipped="0">
  <testcase classname="ADTTest.New_Admitted_Patient_Clinical_Discharge_Cancel_Test" name="TC_01_Verify_Login" time="10.529"/>
  <system-out/>
  <testcase classname="ADTTest.New_Admitted_Patient_Clinical_Discharge_Cancel_Test" name="TC_02_User_Able_To_Do_Clinical_Discharge_Cancel" time="520.455"/>
  <system-out/>
</testsuite> <!-- ADTTest.New_Admitted_Patient_Clinical_Discharge_Cancel_Test -->
