<?xml version="1.0" encoding="UTF-8"?>
<!-- Generated by org.testng.reporters.JUnitReportReporter -->
<testsuite hostname="HATI-SDG00096" failures="0" tests="3" name="OPDTest.Book_New_AppointMent_against_Department" time="156.048" errors="0" timestamp="2023-12-03T11:41:24 IST" skipped="0">
  <testcase classname="OPDTest.Book_New_AppointMent_against_Department" name="TC_01_Verify_that_user_is_able_to_login_the_application" time="7.827"/>
  <system-out/>
  <testcase classname="OPDTest.Book_New_AppointMent_against_Department" name="TC_02_Verify_that_user_is_able_to_book_the_New_appointment_for_Department" time="120.190"/>
  <system-out/>
  <testcase classname="OPDTest.Book_New_AppointMent_against_Department" name="TC_03_Verify_that_department_Appointment_is_booked_successfully" time="28.031"/>
  <system-out/>
</testsuite> <!-- OPDTest.Book_New_AppointMent_against_Department -->
