<?xml version="1.0" encoding="UTF-8"?>
<!-- Generated by org.testng.reporters.JUnitReportReporter -->
<testsuite hostname="HATI-SDG00096" failures="0" tests="3" name="OPDTest.Reschedule_New_Appointment_against_Department" time="274.730" errors="0" timestamp="2023-12-06T11:08:56 IST" skipped="0">
  <testcase classname="OPDTest.Reschedule_New_Appointment_against_Department" name="TC_01_verify_That_User_Is_Able_To_Login_MedcareApplication" time="10.090"/>
  <system-out/>
  <testcase classname="OPDTest.Reschedule_New_Appointment_against_Department" name="TC_02_Verify_that_user_is_able_to_book_the_Reschedule_New_Appointment_against_Department" time="126.070"/>
  <system-out/>
  <testcase classname="OPDTest.Reschedule_New_Appointment_against_Department" name="TC_03_Verify_That_User_Is_Able_Reshcedule_new_appointment_against_Department" time="138.570"/>
  <system-out/>
</testsuite> <!-- OPDTest.Reschedule_New_Appointment_against_Department -->
