<?xml version="1.0" encoding="UTF-8"?>
<!-- Generated by org.testng.reporters.JUnitReportReporter -->
<testsuite hostname="HATI-SDG00096" failures="0" tests="2" name="OPDTest.Update2ndPayer" time="124.839" errors="0" timestamp="2023-12-02T19:33:10 IST" skipped="0">
  <testcase classname="OPDTest.Update2ndPayer" name="TC_02_Verify_That_User_Able_to_Update_sponsor_2Payer" time="114.479"/>
  <system-out/>
  <testcase classname="OPDTest.Update2ndPayer" name="TC_01_verify_That_User_Is_Able_To_Login_MedcareApplicationogin" time="10.360"/>
  <system-out/>
</testsuite> <!-- OPDTest.Update2ndPayer -->
