<?xml version="1.0" encoding="UTF-8"?>
<!-- Generated by org.testng.reporters.JUnitReportReporter -->
<testsuite hostname="HATI-SDG00096" failures="0" tests="3" name="OPDTest.Advanced_Search_Quick_Registration_By_Name" time="220.587" errors="0" timestamp="2023-12-02T19:33:10 IST" skipped="0">
  <testcase classname="OPDTest.Advanced_Search_Quick_Registration_By_Name" name="TC_01_verify_That_User_Is_Able_To_Login_MedcareApplication" time="10.264"/>
  <system-out/>
  <testcase classname="OPDTest.Advanced_Search_Quick_Registration_By_Name" name="TC_02_Verify_That_User_Is_Able_To_Do_Quick_Registration" time="123.535"/>
  <system-out/>
  <testcase classname="OPDTest.Advanced_Search_Quick_Registration_By_Name" name="TC_03_Verify_That_User_Is_Able_To_Add_New_Encounter_For_Already_Registred_Patient_By_Searh_Patient" time="86.788"/>
  <system-out/>
</testsuite> <!-- OPDTest.Advanced_Search_Quick_Registration_By_Name -->
