<?xml version="1.0" encoding="UTF-8"?>
<!-- Generated by org.testng.reporters.JUnitReportReporter -->
<testsuite hostname="HATI-SDG00096" failures="0" tests="4" name="ADTTest.AdmissionRequestTest_For_OLD_IC" time="340.408" errors="0" timestamp="2023-12-05T19:00:36 IST" skipped="0">
  <testcase classname="ADTTest.AdmissionRequestTest_For_OLD_IC" name="TC_01_Verify_Login" time="9.958"/>
  <system-out/>
  <testcase classname="ADTTest.AdmissionRequestTest_For_OLD_IC" name="TC_02_User_Able_To_Do_AdmissionRequest_With_OLD_IC_Primary_Identification" time="82.811"/>
  <system-out/>
  <testcase classname="ADTTest.AdmissionRequestTest_For_OLD_IC" name="TC_03_User_Able_to_Do_ADTRegistartionForm" time="50.010"/>
  <system-out/>
  <testcase classname="ADTTest.AdmissionRequestTest_For_OLD_IC" name="TC_04_Verify_User_Can_Fill_ADT_Admission_Form" time="197.629"/>
  <system-out/>
</testsuite> <!-- ADTTest.AdmissionRequestTest_For_OLD_IC -->
