<?xml version="1.0" encoding="UTF-8"?>
<!-- Generated by org.testng.reporters.JUnitReportReporter -->
<testsuite hostname="HATI-SDG00096" failures="0" tests="3" name="OPDTest.OPD_Reg_ID_NEW_IC_With_VIP_Patient" time="357.145" errors="0" timestamp="2023-12-02T18:05:51 IST" skipped="0">
  <testcase classname="OPDTest.OPD_Reg_ID_NEW_IC_With_VIP_Patient" name="TC_02_Verify_That_User_Is_Able_Fill_The_Basic_Information_To_Registration_Page_WIth_VIP_Patient_for_NEW_IC" time="257.077"/>
  <system-out/>
  <testcase classname="OPDTest.OPD_Reg_ID_NEW_IC_With_VIP_Patient" name="TC_01_verify_That_User_Is_Able_To_Login_MedcareApplication" time="10.175"/>
  <system-out/>
  <testcase classname="OPDTest.OPD_Reg_ID_NEW_IC_With_VIP_Patient" name="TC_03_Verify_That_User_Is_Able_TO_Fill_Encounter_Details" time="89.893"/>
  <system-out/>
</testsuite> <!-- OPDTest.OPD_Reg_ID_NEW_IC_With_VIP_Patient -->
