<?xml version="1.0" encoding="UTF-8"?>
<!-- Generated by org.testng.reporters.JUnitReportReporter -->
<testsuite hostname="HATI-SDG00096" failures="0" tests="4" name="OPDTest.Reschedule_Existing_Appointment_against_Doctor" time="341.434" errors="0" timestamp="2023-12-06T11:15:06 IST" skipped="0">
  <testcase classname="OPDTest.Reschedule_Existing_Appointment_against_Doctor" name="TC_01_verify_That_User_Is_Able_To_Login_MedcareApplication" time="10.027"/>
  <system-out/>
  <testcase classname="OPDTest.Reschedule_Existing_Appointment_against_Doctor" name="TC_02_Verify_That_User_Is_Able_To_Do_Quick_Registration" time="117.431"/>
  <system-out/>
  <testcase classname="OPDTest.Reschedule_Existing_Appointment_against_Doctor" name="TC_03_Verify_that_user_is_able_to_book_the_Existing_appointment" time="75.356"/>
  <system-out/>
  <testcase classname="OPDTest.Reschedule_Existing_Appointment_against_Doctor" name="TC_04_Verify_That_User_Is_Able_Reshcedule_the_appointment" time="138.620"/>
  <system-out/>
</testsuite> <!-- OPDTest.Reschedule_Existing_Appointment_against_Doctor -->
