<?xml version="1.0" encoding="UTF-8"?>
<!-- Generated by org.testng.reporters.JUnitReportReporter -->
<testsuite hostname="HATI-SDG00096" failures="0" tests="2" name="ADTTest.Bed_View_Filter_by_Floor" time="67.059" errors="0" timestamp="2023-12-05T19:00:36 IST" skipped="0">
  <testcase classname="ADTTest.Bed_View_Filter_by_Floor" name="TC_01_verify_That_User_Is_Able_To_Login_ADT_Dashboard_Screen" time="10.099"/>
  <system-out/>
  <testcase classname="ADTTest.Bed_View_Filter_by_Floor" name="TC_02_Verfiy_That_User_Is_Able_To_do_Bed_View_Filter_by_Floor" time="56.960"/>
  <system-out/>
</testsuite> <!-- ADTTest.Bed_View_Filter_by_Floor -->
