<?xml version="1.0" encoding="UTF-8"?>
<!-- Generated by org.testng.reporters.JUnitReportReporter -->
<testsuite hostname="HATI-SDG00096" failures="0" tests="2" name="OPDTest.Quick_Reg_With_NEW_IC" time="148.928" errors="0" timestamp="2023-12-02T19:33:10 IST" skipped="0">
  <testcase classname="OPDTest.Quick_Reg_With_NEW_IC" name="TC_02_Verify_That_User_Is_Able_To_Do_Quick_Registration_With_Primary_ID_NEW_IC" time="138.409"/>
  <system-out/>
  <testcase classname="OPDTest.Quick_Reg_With_NEW_IC" name="TC_01_verify_That_User_Is_Able_To_Login_MedcareApplication" time="10.519"/>
  <system-out/>
</testsuite> <!-- OPDTest.Quick_Reg_With_NEW_IC -->
